
  0%|                                                                                                                                                                                                                  | 0/4 [00:00<?, ?it/s]You're using a RobertaTokenizerFast tokenizer. Please note that with a fast tokenizer, using the `__call__` method is faster than using a method to encode the text followed by a call to the `pad` method to get a padded encoding.
100%|â–ˆâ–ˆâ–ˆâ–ˆâ–ˆâ–ˆâ–ˆâ–ˆâ–ˆâ–ˆâ–ˆâ–ˆâ–ˆâ–ˆâ–ˆâ–ˆâ–ˆâ–ˆâ–ˆâ–ˆâ–ˆâ–ˆâ–ˆâ–ˆâ–ˆâ–ˆâ–ˆâ–ˆâ–ˆâ–ˆâ–ˆâ–ˆâ–ˆâ–ˆâ–ˆâ–ˆâ–ˆâ–ˆâ–ˆâ–ˆâ–ˆâ–ˆâ–ˆâ–ˆâ–ˆâ–ˆâ–ˆâ–ˆâ–ˆâ–ˆâ–ˆâ–ˆâ–ˆâ–ˆâ–ˆâ–ˆâ–ˆâ–ˆâ–ˆâ–ˆâ–ˆâ–ˆâ–ˆâ–ˆâ–ˆâ–ˆâ–ˆâ–ˆâ–ˆâ–ˆâ–ˆâ–ˆâ–ˆâ–ˆâ–ˆâ–ˆâ–ˆâ–ˆâ–ˆâ–ˆâ–ˆâ–ˆâ–ˆâ–ˆâ–ˆâ–ˆâ–ˆâ–ˆâ–ˆâ–ˆâ–ˆâ–ˆâ–ˆâ–ˆâ–ˆâ–ˆâ–ˆâ–ˆâ–ˆâ–ˆâ–ˆâ–ˆâ–ˆâ–ˆâ–ˆâ–ˆâ–ˆâ–ˆâ–ˆâ–ˆâ–ˆâ–ˆâ–ˆâ–ˆâ–ˆâ–ˆâ–ˆâ–ˆâ–ˆâ–ˆâ–ˆâ–ˆâ–ˆâ–ˆâ–ˆâ–ˆâ–ˆâ–ˆâ–ˆâ–ˆâ–ˆâ–ˆâ–ˆâ–ˆâ–ˆâ–ˆâ–ˆâ–ˆâ–ˆâ–ˆâ–ˆâ–ˆâ–ˆâ–ˆâ–ˆâ–ˆâ–ˆâ–ˆâ–ˆâ–ˆâ–ˆâ–ˆâ–ˆâ–ˆâ–ˆâ–ˆâ–ˆâ–ˆâ–ˆâ–ˆâ–ˆâ–ˆâ–ˆâ–ˆâ–ˆâ–ˆâ–ˆâ–ˆâ–ˆâ–ˆâ–ˆâ–ˆâ–ˆâ–ˆâ–ˆâ–ˆâ–ˆâ–ˆâ–ˆâ–ˆâ–ˆâ–ˆâ–ˆâ–ˆâ–ˆâ–ˆâ–ˆâ–ˆâ–ˆâ–ˆâ–ˆâ–ˆâ–ˆâ–ˆâ–ˆâ–ˆâ–ˆâ–ˆâ–ˆâ–ˆâ–ˆâ–ˆ| 4/4 [00:03<00:00,  1.80it/s]Checkpoint destination directory /cronus_data/ssmith/models/blogsUD/new_optuna_param_test_2/checkpoint-4 already exists and is non-empty.Saving will proceed but saved results may be invalid.
{'eval_loss': 7.878855228424072, 'eval_runtime': 0.4739, 'eval_samples_per_second': 8.44, 'eval_steps_per_second': 2.11, 'epoch': 1.0}
There were missing keys in the checkpoint model loaded: ['lm_head.decoder.weight', 'lm_head.decoder.bias'].
100%|â–ˆâ–ˆâ–ˆâ–ˆâ–ˆâ–ˆâ–ˆâ–ˆâ–ˆâ–ˆâ–ˆâ–ˆâ–ˆâ–ˆâ–ˆâ–ˆâ–ˆâ–ˆâ–ˆâ–ˆâ–ˆâ–ˆâ–ˆâ–ˆâ–ˆâ–ˆâ–ˆâ–ˆâ–ˆâ–ˆâ–ˆâ–ˆâ–ˆâ–ˆâ–ˆâ–ˆâ–ˆâ–ˆâ–ˆâ–ˆâ–ˆâ–ˆâ–ˆâ–ˆâ–ˆâ–ˆâ–ˆâ–ˆâ–ˆâ–ˆâ–ˆâ–ˆâ–ˆâ–ˆâ–ˆâ–ˆâ–ˆâ–ˆâ–ˆâ–ˆâ–ˆâ–ˆâ–ˆâ–ˆâ–ˆâ–ˆâ–ˆâ–ˆâ–ˆâ–ˆâ–ˆâ–ˆâ–ˆâ–ˆâ–ˆâ–ˆâ–ˆâ–ˆâ–ˆâ–ˆâ–ˆâ–ˆâ–ˆâ–ˆâ–ˆâ–ˆâ–ˆâ–ˆâ–ˆâ–ˆâ–ˆâ–ˆâ–ˆâ–ˆâ–ˆâ–ˆâ–ˆâ–ˆâ–ˆâ–ˆâ–ˆâ–ˆâ–ˆâ–ˆâ–ˆâ–ˆâ–ˆâ–ˆâ–ˆâ–ˆâ–ˆâ–ˆâ–ˆâ–ˆâ–ˆâ–ˆâ–ˆâ–ˆâ–ˆâ–ˆâ–ˆâ–ˆâ–ˆâ–ˆâ–ˆâ–ˆâ–ˆâ–ˆâ–ˆâ–ˆâ–ˆâ–ˆâ–ˆâ–ˆâ–ˆâ–ˆâ–ˆâ–ˆâ–ˆâ–ˆâ–ˆâ–ˆâ–ˆâ–ˆâ–ˆâ–ˆâ–ˆâ–ˆâ–ˆâ–ˆâ–ˆâ–ˆâ–ˆâ–ˆâ–ˆâ–ˆâ–ˆâ–ˆâ–ˆâ–ˆâ–ˆâ–ˆâ–ˆâ–ˆâ–ˆâ–ˆâ–ˆâ–ˆâ–ˆâ–ˆâ–ˆâ–ˆâ–ˆâ–ˆâ–ˆâ–ˆâ–ˆâ–ˆâ–ˆâ–ˆâ–ˆâ–ˆâ–ˆâ–ˆâ–ˆâ–ˆâ–ˆâ–ˆâ–ˆâ–ˆâ–ˆâ–ˆâ–ˆâ–ˆâ–ˆâ–ˆâ–ˆâ–ˆâ–ˆâ–ˆâ–ˆâ–ˆ| 4/4 [00:07<00:00,  1.79s/it]
[33m[W 2024-01-23 11:50:39,416][39m Trial 0 failed with parameters: {'learning_rate': 0.0008240302427256276, 'weight_decay': 0.0032876933845711765} because of the following error: AttributeError("'TrainOutput' object has no attribute 'eval_loss'").
Traceback (most recent call last):
  File "/chronos_data/ssmith/lib/python3.8/site-packages/optuna/study/_optimize.py", line 200, in _run_trial
    value_or_values = func(trial)
  File "rev_trials.py", line 133, in objective
    return result.eval_loss
AttributeError: 'TrainOutput' object has no attribute 'eval_loss'
[33m[W 2024-01-23 11:50:39,417][39m Trial 0 failed with value None.
Traceback (most recent call last):
  File "rev_trials.py", line 182, in <module>
    run_trials(data_path=data_paths[i],
  File "rev_trials.py", line 139, in run_trials
    study.optimize(func=objective, n_trials=4)
  File "/chronos_data/ssmith/lib/python3.8/site-packages/optuna/study/study.py", line 451, in optimize
    _optimize(
  File "/chronos_data/ssmith/lib/python3.8/site-packages/optuna/study/_optimize.py", line 66, in _optimize
    _optimize_sequential(
  File "/chronos_data/ssmith/lib/python3.8/site-packages/optuna/study/_optimize.py", line 163, in _optimize_sequential
    frozen_trial = _run_trial(study, func, catch)
  File "/chronos_data/ssmith/lib/python3.8/site-packages/optuna/study/_optimize.py", line 251, in _run_trial
    raise func_err
  File "/chronos_data/ssmith/lib/python3.8/site-packages/optuna/study/_optimize.py", line 200, in _run_trial
    value_or_values = func(trial)
  File "rev_trials.py", line 133, in objective
    return result.eval_loss
AttributeError: 'TrainOutput' object has no attribute 'eval_loss'
Traceback (most recent call last):
  File "rev_trials.py", line 182, in <module>
    run_trials(data_path=data_paths[i],
  File "rev_trials.py", line 139, in run_trials
    study.optimize(func=objective, n_trials=4)
  File "/chronos_data/ssmith/lib/python3.8/site-packages/optuna/study/study.py", line 451, in optimize
    _optimize(
  File "/chronos_data/ssmith/lib/python3.8/site-packages/optuna/study/_optimize.py", line 66, in _optimize
    _optimize_sequential(
  File "/chronos_data/ssmith/lib/python3.8/site-packages/optuna/study/_optimize.py", line 163, in _optimize_sequential
    frozen_trial = _run_trial(study, func, catch)
  File "/chronos_data/ssmith/lib/python3.8/site-packages/optuna/study/_optimize.py", line 251, in _run_trial
    raise func_err
  File "/chronos_data/ssmith/lib/python3.8/site-packages/optuna/study/_optimize.py", line 200, in _run_trial
    value_or_values = func(trial)
  File "rev_trials.py", line 133, in objective
    return result.eval_loss
AttributeError: 'TrainOutput' object has no attribute 'eval_loss'
{'train_runtime': 9.2905, 'train_samples_per_second': 0.431, 'train_steps_per_second': 0.431, 'train_loss': 9.24988079071045, 'epoch': 1.0}